<?xml version="1.0" encoding="UTF-8"?>
<!-- Generated by org.testng.reporters.JUnitXMLReporter -->
<testsuite hostname="Thilina-Mobile" ignored="0" name="Hybrid_framework" tests="3" failures="0" timestamp="02 Aug 2019 06:30:19 GMT" time="196.183" errors="0">
  <testcase name="Verify_signup_with_invalid_Details" time="37.969" classname="com.vocalize.testcases.signup"/>
  <testcase name="Verify_signup_with_invalid_Details" time="34.649" classname="com.vocalize.testcases.signup"/>
  <testcase name="Verify_signup_with_invalid_Details" time="19.743" classname="com.vocalize.testcases.signup"/>
</testsuite> <!-- Hybrid_framework -->
